<?xml version="1.0" encoding="UTF-8"?>
<!-- Generated by org.testng.reporters.JUnitReportReporter -->
<testsuite hostname="DESKTOP-4MS4ASV" failures="0" tests="4" name="com.test.FlipkartTest" time="53.379" errors="0" timestamp="2024-08-06T09:58:55 IST" skipped="0">
  <testcase classname="com.test.FlipkartTest" name="conclusionTest" time="0.009"/>
  <system-out/>
  <testcase classname="com.test.FlipkartTest" name="searchProductTest1" time="21.375"/>
  <system-out/>
  <testcase classname="com.test.FlipkartTest" name="searchProductTest1" time="16.589"/>
  <system-out/>
  <testcase classname="com.test.FlipkartTest" name="searchProductTest1" time="15.406"/>
  <system-out/>
</testsuite> <!-- com.test.FlipkartTest -->
